15.3314 	WARNING 	User requested fullscreen with size [1024  768], but screen is actually [2736, 1824]. Using actual size
19.5640 	WARNING 	Couldn't measure a consistent frame rate.
  - Is your graphics card set to sync to vertical blank?
  - Are you running other processes on your computer?

20.0285 	EXP 	Created window1 = Window(allowGUI=False, allowStencil=False, args=UNKNOWN, autoLog=True, bitsMode=UNKNOWN, blendMode='avg', color=array([0., 0., 0.]), colorSpace='rgb', fullscr=UNKNOWN, gamma=None, kwargs=UNKNOWN, lms=UNKNOWN, monitor=<psychopy.monitors.calibTools.Monitor object at 0x15D2D0F0>, multiSample=False, name='window1', numSamples=2, pos=[0.0, 0.0], screen=0, size=array([2736, 1824]), stereo=False, units='norm', useFBO=True, useRetina=False, viewOri=0.0, viewPos=None, viewScale=None, waitBlanking=True, winType='pyglet')
20.0287 	EXP 	window1: recordFrameIntervals = False
20.2520 	EXP 	window1: recordFrameIntervals = True
20.2950 	WARNING 	t of last frame was 21.78ms (=1/45)
20.3381 	WARNING 	t of last frame was 28.52ms (=1/35)
20.3610 	WARNING 	t of last frame was 22.92ms (=1/43)
20.3869 	WARNING 	t of last frame was 25.96ms (=1/38)
20.4093 	WARNING 	Multiple dropped frames have occurred - I'll stop bothering you about them!
21.2268 	DATA 	Keypress: left
22.1995 	DATA 	Keypress: down
22.4079 	WARNING 	Couldn't measure a consistent frame rate.
  - Is your graphics card set to sync to vertical blank?
  - Are you running other processes on your computer?

22.5293 	EXP 	Created stimulus = Polygon(__class__=<class 'psychopy.visual.polygon.Polygon'>, autoDraw=False, autoLog=True, closeShape=True, contrast=1.0, depth=0.0, fillColor=array([1., 1., 1.]), fillColorSpace='rgb', fillRGB=array([1., 1., 1.]), interpolate=True, lineColor=array([1., 1., 1.]), lineColorSpace='rgb', lineRGB=array([1., 1., 1.]), lineWidth=1, name='stimulus', opacity=1.0, ori=array(0.), pos=array([400.,   0.]), size=array([100., 100.]), units='pix', vertices=ndarray(...), win=Window(...))
22.5447 	EXP 	<method-wrapper '__getattribute__' of attributeSetter object at 0x09B7D6F0>: vertices = array([[ -2.5,  25. ],
       [  2.5,  25. ],
       [  2.5, -25. ],
       [ -2.5, -25. ]])
22.5460 	EXP 	Created cross1 = Rect(__class__=<class 'psychopy.visual.rect.Rect'>, autoDraw=False, autoLog=True, closeShape=True, contrast=1.0, depth=-1.0, fillColor=array([1., 1., 1.]), fillColorSpace='rgb', fillRGB=array([1., 1., 1.]), interpolate=True, lineColor=array([1., 1., 1.]), lineColorSpace='rgb', lineRGB=array([1., 1., 1.]), lineWidth=1, name='cross1', opacity=1.0, ori=array(0.), pos=array([0., 0.]), size=array([1., 1.]), units='norm', vertices=ndarray(...), win=Window(...))
22.5462 	EXP 	<method-wrapper '__getattribute__' of attributeSetter object at 0x09B7D6F0>: vertices = array([[ -2.5,  25. ],
       [  2.5,  25. ],
       [  2.5, -25. ],
       [ -2.5, -25. ]])
22.5475 	EXP 	Created closs2 = Rect(__class__=<class 'psychopy.visual.rect.Rect'>, autoDraw=False, autoLog=True, closeShape=True, contrast=1.0, depth=-2.0, fillColor=array([1., 1., 1.]), fillColorSpace='rgb', fillRGB=array([1., 1., 1.]), interpolate=True, lineColor=array([1., 1., 1.]), lineColorSpace='rgb', lineRGB=array([1., 1., 1.]), lineWidth=1, name='closs2', opacity=1.0, ori=array(90.), pos=array([0., 0.]), size=array([1., 1.]), units='norm', vertices=ndarray(...), win=Window(...))
22.5853 	EXP 	cross1: autoDraw = True
22.5853 	EXP 	closs2: autoDraw = True
23.5770 	EXP 	stimulus: autoDraw = True
24.8234 	EXP 	window1: mouseVisible = True
